<?xml version="1.0" encoding="UTF-8"?>
<!-- Generated by org.testng.reporters.JUnitXMLReporter -->
<testsuite ignored="2" hostname="Andres" failures="0" tests="1" name="Surefire test" time="5.456" errors="0" timestamp="2025-07-10T12:14:44 GMT-03:00">
  <testcase classname="navigation.NavigationTests" name="testOpenExample1WithCtrlClickAndVerifyStartButton" time="0.819"/>
  <testcase classname="navigation.NavigationTests" name="testNavigator" time="0.0">
    <ignored/>
  </testcase> <!-- testNavigator -->
  <testcase classname="navigation.NavigationTests" name="testSwitchTab" time="0.0">
    <ignored/>
  </testcase> <!-- testSwitchTab -->
</testsuite> <!-- Surefire test -->
