<?xml version="1.0" encoding="UTF-8"?>
<testsuite xmlns:xsi="http://www.w3.org/2001/XMLSchema-instance" xsi:noNamespaceSchemaLocation="https://maven.apache.org/surefire/maven-surefire-plugin/xsd/surefire-test-report-3.0.xsd" version="3.0" name="navigation.NavigationTests" time="6.005" tests="1" errors="0" skipped="0" failures="0">
  <properties>
[...]
</properties>
  <testcase name="testOpenExample1WithCtrlClickAndVerifyStartButton" classname="navigation.NavigationTests" time="0.82">
    <system-out><![CDATA[Number of tabs: 2
Window handles:
7E6BA4472127B92A3DCA0B94F83A2B93
A09C35EF85BB457C4A83084D13D002AC
Switching to window: 7E6BA4472127B92A3DCA0B94F83A2B93
Current window title: The Internet
Switching to window: A09C35EF85BB457C4A83084D13D002AC
Current window title: The Internet
]]></system-out>
    <system-err><![CDATA[SLF4J(W): No SLF4J providers were found.
SLF4J(W): Defaulting to no-operation (NOP) logger implementation
SLF4J(W): See https://www.slf4j.org/codes.html#noProviders for further details.
jul. 10, 2025 12:14:41 P. M. org.openqa.selenium.devtools.CdpVersionFinder findNearestMatch
WARNING: Unable to find CDP implementation matching 138
jul. 10, 2025 12:14:41 P. M. org.openqa.selenium.chromium.ChromiumDriver lambda$new$4
WARNING: Unable to find version of CDP to use for 138.0.7204.98. You may need to include a dependency on a specific version of the CDP using something similar to `org.seleniumhq.selenium:selenium-devtools-v86:4.34.0` where the version ("v86") matches the version of the chromium-based browser you're using and the version number of the artifact is the same as Selenium's.
]]></system-err>
  </testcase>
</testsuite>